C:\USERS\SNYDERNA1\DOCUMENTS\GITHUB\PONG\DEBUG\ENTITY.OBJ
C:\USERS\SNYDERNA1\DOCUMENTS\GITHUB\PONG\DEBUG\GAME.OBJ
C:\USERS\SNYDERNA1\DOCUMENTS\GITHUB\PONG\DEBUG\GRAPHICS.OBJ
C:\USERS\SNYDERNA1\DOCUMENTS\GITHUB\PONG\DEBUG\IMAGE.OBJ
C:\USERS\SNYDERNA1\DOCUMENTS\GITHUB\PONG\DEBUG\INPUT.OBJ
C:\USERS\SNYDERNA1\DOCUMENTS\GITHUB\PONG\DEBUG\PADDLE.OBJ
C:\USERS\SNYDERNA1\DOCUMENTS\GITHUB\PONG\DEBUG\SPACEWAR.OBJ
C:\USERS\SNYDERNA1\DOCUMENTS\GITHUB\PONG\DEBUG\TEXTUREMANAGER.OBJ
C:\USERS\SNYDERNA1\DOCUMENTS\GITHUB\PONG\DEBUG\WINMAIN.OBJ
C:\USERS\SNYDERNA1\DOCUMENTS\GITHUB\PONG\DEBUG\VC110.PDB
C:\USERS\SNYDERNA1\DOCUMENTS\GITHUB\PONG\DEBUG\PLANET.ILK
C:\USERS\SNYDERNA1\DOCUMENTS\GITHUB\PONG\DEBUG\PLANET.EXE
C:\USERS\SNYDERNA1\DOCUMENTS\GITHUB\PONG\DEBUG\PLANET.PDB
C:\Users\snyderna1\Documents\GitHub\pong\Debug\entity.obj
C:\Users\snyderna1\Documents\GitHub\pong\Debug\graphics.obj
C:\Users\snyderna1\Documents\GitHub\pong\Debug\image.obj
C:\Users\snyderna1\Documents\GitHub\pong\Debug\input.obj
C:\Users\snyderna1\Documents\GitHub\pong\Debug\paddle.obj
C:\Users\snyderna1\Documents\GitHub\pong\Debug\textureManager.obj
C:\Users\snyderna1\Documents\GitHub\pong\Debug\Planet.ilk
C:\Users\snyderna1\Documents\GitHub\pong\Debug\cl.command.1.tlog
C:\Users\snyderna1\Documents\GitHub\pong\Debug\CL.read.1.tlog
C:\Users\snyderna1\Documents\GitHub\pong\Debug\CL.write.1.tlog
C:\Users\snyderna1\Documents\GitHub\pong\Debug\link-cvtres.read.1.tlog
C:\Users\snyderna1\Documents\GitHub\pong\Debug\link-cvtres.write.1.tlog
C:\Users\snyderna1\Documents\GitHub\pong\Debug\link-rc.read.1.tlog
C:\Users\snyderna1\Documents\GitHub\pong\Debug\link-rc.write.1.tlog
C:\Users\snyderna1\Documents\GitHub\pong\Debug\link.command.1.tlog
C:\Users\snyderna1\Documents\GitHub\pong\Debug\link.read.1.tlog
C:\Users\snyderna1\Documents\GitHub\pong\Debug\link.write.1.tlog
C:\Users\snyderna1\Documents\GitHub\pong\Debug\vc110.idb
C:\Users\snyderna1\Documents\GitHub\pong\Debug\Planet.pdb
C:\Users\snyderna1\Documents\GitHub\pong\Debug\vc110.pdb
C:\Users\snyderna1\Documents\GitHub\pong\Debug\Planet.exe
